<?xml version="1.0" encoding="UTF-8"?>
<coverage generated="1576780504549" clover="3.2.0">
  <project timestamp="1576780504550" name="All files">
    <metrics statements="106" coveredstatements="86" conditionals="41" coveredconditionals="34" methods="24" coveredmethods="19" elements="171" coveredelements="139" complexity="0" loc="106" ncloc="106" packages="5" files="8" classes="8">
      <package name="src">
        <metrics statements="4" coveredstatements="0" conditionals="0" coveredconditionals="0" methods="0" coveredmethods="0"/>
        <file name="index.tsx" path="C:\Users\Gabriel Carvalho\Projetos\formaction\src\index.tsx">
          <metrics statements="4" coveredstatements="0" conditionals="0" coveredconditionals="0" methods="0" coveredmethods="0"/>
          <line num="1" count="0" type="stmt"/>
          <line num="2" count="0" type="stmt"/>
          <line num="7" count="0" type="stmt"/>
          <line num="8" count="0" type="stmt"/>
        </file>
      </package>
      <package name="src.Components.Field">
        <metrics statements="47" coveredstatements="31" conditionals="14" coveredconditionals="7" methods="12" coveredmethods="7"/>
        <file name="FieldWrapper.tsx" path="C:\Users\Gabriel Carvalho\Projetos\formaction\src\Components\Field\FieldWrapper.tsx">
          <metrics statements="3" coveredstatements="3" conditionals="0" coveredconditionals="0" methods="1" coveredmethods="0"/>
          <line num="1" count="1" type="stmt"/>
          <line num="18" count="1" type="stmt"/>
          <line num="22" count="1" type="stmt"/>
        </file>
        <file name="index.tsx" path="C:\Users\Gabriel Carvalho\Projetos\formaction\src\Components\Field\index.tsx">
          <metrics statements="44" coveredstatements="28" conditionals="14" coveredconditionals="7" methods="11" coveredmethods="7"/>
          <line num="1" count="1" type="stmt"/>
          <line num="2" count="1" type="stmt"/>
          <line num="3" count="1" type="stmt"/>
          <line num="20" count="1" type="stmt"/>
          <line num="22" count="1" type="stmt"/>
          <line num="25" count="8" type="cond" truecount="2" falsecount="0"/>
          <line num="27" count="8" type="stmt"/>
          <line num="28" count="8" type="stmt"/>
          <line num="29" count="8" type="stmt"/>
          <line num="32" count="1" type="stmt"/>
          <line num="33" count="8" type="stmt"/>
          <line num="34" count="8" type="stmt"/>
          <line num="36" count="8" type="stmt"/>
          <line num="42" count="1" type="stmt"/>
          <line num="43" count="0" type="stmt"/>
          <line num="45" count="0" type="stmt"/>
          <line num="48" count="1" type="stmt"/>
          <line num="49" count="0" type="stmt"/>
          <line num="50" count="0" type="stmt"/>
          <line num="52" count="0" type="stmt"/>
          <line num="55" count="1" type="stmt"/>
          <line num="56" count="0" type="stmt"/>
          <line num="57" count="0" type="stmt"/>
          <line num="59" count="0" type="stmt"/>
          <line num="68" count="1" type="stmt"/>
          <line num="69" count="0" type="stmt"/>
          <line num="70" count="0" type="stmt"/>
          <line num="72" count="0" type="stmt"/>
          <line num="74" count="0" type="stmt"/>
          <line num="82" count="0" type="cond" truecount="0" falsecount="2"/>
          <line num="83" count="0" type="stmt"/>
          <line num="85" count="0" type="stmt"/>
          <line num="88" count="0" type="stmt"/>
          <line num="91" count="1" type="stmt"/>
          <line num="92" count="8" type="cond" truecount="2" falsecount="0"/>
          <line num="93" count="8" type="stmt"/>
          <line num="94" count="1" type="stmt"/>
          <line num="95" count="1" type="stmt"/>
          <line num="98" count="1" type="stmt"/>
          <line num="99" count="8" type="stmt"/>
          <line num="100" count="8" type="stmt"/>
          <line num="102" count="8" type="stmt"/>
          <line num="127" count="1" type="stmt"/>
          <line num="129" count="1" type="stmt"/>
        </file>
      </package>
      <package name="src.Components.Form">
        <metrics statements="40" coveredstatements="40" conditionals="13" coveredconditionals="13" methods="7" coveredmethods="7"/>
        <file name="hooks.ts" path="C:\Users\Gabriel Carvalho\Projetos\formaction\src\Components\Form\hooks.ts">
          <metrics statements="9" coveredstatements="9" conditionals="6" coveredconditionals="6" methods="2" coveredmethods="2"/>
          <line num="1" count="1" type="stmt"/>
          <line num="12" count="1" type="stmt"/>
          <line num="13" count="16" type="stmt"/>
          <line num="14" count="16" type="cond" truecount="2" falsecount="0"/>
          <line num="15" count="16" type="stmt"/>
          <line num="17" count="16" type="stmt"/>
          <line num="18" count="2" type="cond" truecount="4" falsecount="0"/>
          <line num="21" count="16" type="stmt"/>
          <line num="33" count="1" type="stmt"/>
        </file>
        <file name="index.tsx" path="C:\Users\Gabriel Carvalho\Projetos\formaction\src\Components\Form\index.tsx">
          <metrics statements="31" coveredstatements="31" conditionals="7" coveredconditionals="7" methods="5" coveredmethods="5"/>
          <line num="4" count="1" type="stmt"/>
          <line num="5" count="1" type="stmt"/>
          <line num="6" count="1" type="stmt"/>
          <line num="9" count="1" type="stmt"/>
          <line num="10" count="9" type="stmt"/>
          <line num="11" count="9" type="stmt"/>
          <line num="12" count="9" type="stmt"/>
          <line num="13" count="9" type="stmt"/>
          <line num="14" count="9" type="stmt"/>
          <line num="15" count="9" type="stmt"/>
          <line num="16" count="9" type="stmt"/>
          <line num="17" count="9" type="stmt"/>
          <line num="18" count="9" type="stmt"/>
          <line num="19" count="9" type="stmt"/>
          <line num="20" count="9" type="stmt"/>
          <line num="24" count="9" type="stmt"/>
          <line num="25" count="8" type="cond" truecount="3" falsecount="0"/>
          <line num="28" count="9" type="stmt"/>
          <line num="29" count="8" type="stmt"/>
          <line num="32" count="9" type="stmt"/>
          <line num="33" count="2" type="stmt"/>
          <line num="34" count="2" type="stmt"/>
          <line num="36" count="2" type="stmt"/>
          <line num="40" count="2" type="stmt"/>
          <line num="41" count="2" type="stmt"/>
          <line num="45" count="2" type="cond" truecount="2" falsecount="0"/>
          <line num="46" count="1" type="stmt"/>
          <line num="47" count="1" type="stmt"/>
          <line num="50" count="1" type="stmt"/>
          <line num="53" count="9" type="stmt"/>
          <line num="72" count="1" type="stmt"/>
        </file>
      </package>
      <package name="src.shared">
        <metrics statements="4" coveredstatements="4" conditionals="0" coveredconditionals="0" methods="0" coveredmethods="0"/>
        <file name="context.ts" path="C:\Users\Gabriel Carvalho\Projetos\formaction\src\shared\context.ts">
          <metrics statements="4" coveredstatements="4" conditionals="0" coveredconditionals="0" methods="0" coveredmethods="0"/>
          <line num="1" count="1" type="stmt"/>
          <line num="3" count="1" type="stmt"/>
          <line num="4" count="1" type="stmt"/>
          <line num="6" count="1" type="stmt"/>
        </file>
      </package>
      <package name="src.shared.utils">
        <metrics statements="11" coveredstatements="11" conditionals="14" coveredconditionals="14" methods="5" coveredmethods="5"/>
        <file name="testHooks.tsx" path="C:\Users\Gabriel Carvalho\Projetos\formaction\src\shared\utils\testHooks.tsx">
          <metrics statements="7" coveredstatements="7" conditionals="2" coveredconditionals="2" methods="2" coveredmethods="2"/>
          <line num="1" count="1" type="stmt"/>
          <line num="2" count="1" type="stmt"/>
          <line num="5" count="1" type="stmt"/>
          <line num="6" count="6" type="stmt"/>
          <line num="7" count="7" type="stmt"/>
          <line num="10" count="6" type="stmt"/>
          <line num="14" count="6" type="cond" truecount="2" falsecount="0"/>
        </file>
        <file name="validators.ts" path="C:\Users\Gabriel Carvalho\Projetos\formaction\src\shared\utils\validators.ts">
          <metrics statements="4" coveredstatements="4" conditionals="12" coveredconditionals="12" methods="3" coveredmethods="3"/>
          <line num="1" count="2" type="stmt"/>
          <line num="2" count="3" type="cond" truecount="2" falsecount="0"/>
          <line num="5" count="2" type="stmt"/>
          <line num="11" count="2" type="stmt"/>
        </file>
      </package>
    </metrics>
  </project>
</coverage>
