{"C:\\Users\\Gabriel Carvalho\\Projetos\\formaction\\src\\index.tsx": {"path":"C:\\Users\\Gabriel Carvalho\\Projetos\\formaction\\src\\index.tsx","statementMap":{"0":{"start":{"line":1,"column":0},"end":{"line":1,"column":-1}},"1":{"start":{"line":7,"column":2},"end":{"line":null,"column":-1}},"2":{"start":{"line":2,"column":0},"end":{"line":2,"column":-1}},"3":{"start":{"line":8,"column":2},"end":{"line":null,"column":-1}}},"fnMap":{},"branchMap":{},"s":{"0":0,"1":0,"2":0,"3":0},"f":{},"b":{}}
,"C:\\Users\\Gabriel Carvalho\\Projetos\\formaction\\src\\Components\\Field\\FieldWrapper.tsx": {"path":"C:\\Users\\Gabriel Carvalho\\Projetos\\formaction\\src\\Components\\Field\\FieldWrapper.tsx","statementMap":{"0":{"start":{"line":1,"column":0},"end":{"line":1,"column":30}},"1":{"start":{"line":18,"column":20},"end":{"line":20,"column":1}},"2":{"start":{"line":18,"column":63},"end":{"line":20,"column":1}},"3":{"start":{"line":22,"column":0},"end":{"line":22,"column":27}}},"fnMap":{"0":{"name":"(anonymous_1)","decl":{"start":{"line":18,"column":20},"end":{"line":18,"column":20}},"loc":{"start":{"line":18,"column":58},"end":{"line":20,"column":1}}}},"branchMap":{},"s":{"0":1,"1":1,"2":0,"3":1},"f":{"0":0},"b":{}}
,"C:\\Users\\Gabriel Carvalho\\Projetos\\formaction\\src\\Components\\Field\\index.tsx": {"path":"C:\\Users\\Gabriel Carvalho\\Projetos\\formaction\\src\\Components\\Field\\index.tsx","statementMap":{"0":{"start":{"line":1,"column":0},"end":{"line":1,"column":30}},"1":{"start":{"line":2,"column":0},"end":{"line":2,"column":50}},"2":{"start":{"line":3,"column":0},"end":{"line":3,"column":40}},"3":{"start":{"line":20,"column":0},"end":{"line":20,"column":39}},"4":{"start":{"line":20,"column":20},"end":{"line":20,"column":51}},"5":{"start":{"line":25,"column":4},"end":{"line":25,"column":16}},"6":{"start":{"line":27,"column":4},"end":{"line":27,"column":45}},"7":{"start":{"line":28,"column":4},"end":{"line":28,"column":65}},"8":{"start":{"line":29,"column":4},"end":{"line":29,"column":61}},"9":{"start":{"line":32,"column":2},"end":{"line":40,"column":3}},"10":{"start":{"line":33,"column":10},"end":{"line":33,"column":41}},"11":{"start":{"line":33,"column":12},"end":{"line":33,"column":18}},"12":{"start":{"line":33,"column":20},"end":{"line":33,"column":24}},"13":{"start":{"line":34,"column":12},"end":{"line":34,"column":16}},"14":{"start":{"line":36,"column":4},"end":{"line":39,"column":5}},"15":{"start":{"line":42,"column":2},"end":{"line":46,"column":3}},"16":{"start":{"line":43,"column":12},"end":{"line":43,"column":22}},"17":{"start":{"line":45,"column":4},"end":{"line":45,"column":40}},"18":{"start":{"line":48,"column":2},"end":{"line":53,"column":3}},"19":{"start":{"line":49,"column":12},"end":{"line":49,"column":22}},"20":{"start":{"line":50,"column":22},"end":{"line":50,"column":27}},"21":{"start":{"line":52,"column":4},"end":{"line":52,"column":40}},"22":{"start":{"line":55,"column":2},"end":{"line":66,"column":3}},"23":{"start":{"line":56,"column":10},"end":{"line":56,"column":46}},"24":{"start":{"line":56,"column":12},"end":{"line":56,"column":18}},"25":{"start":{"line":56,"column":20},"end":{"line":56,"column":29}},"26":{"start":{"line":57,"column":12},"end":{"line":57,"column":16}},"27":{"start":{"line":59,"column":4},"end":{"line":65,"column":7}},"28":{"start":{"line":68,"column":2},"end":{"line":89,"column":3}},"29":{"start":{"line":69,"column":10},"end":{"line":69,"column":52}},"30":{"start":{"line":69,"column":12},"end":{"line":69,"column":18}},"31":{"start":{"line":69,"column":20},"end":{"line":69,"column":29}},"32":{"start":{"line":69,"column":31},"end":{"line":69,"column":35}},"33":{"start":{"line":70,"column":12},"end":{"line":70,"column":16}},"34":{"start":{"line":72,"column":21},"end":{"line":72,"column":53}},"35":{"start":{"line":74,"column":4},"end":{"line":80,"column":7}},"36":{"start":{"line":82,"column":4},"end":{"line":86,"column":5}},"37":{"start":{"line":83,"column":6},"end":{"line":83,"column":29}},"38":{"start":{"line":85,"column":6},"end":{"line":85,"column":28}},"39":{"start":{"line":88,"column":4},"end":{"line":88,"column":20}},"40":{"start":{"line":91,"column":2},"end":{"line":96,"column":3}},"41":{"start":{"line":92,"column":21},"end":{"line":92,"column":48}},"42":{"start":{"line":93,"column":4},"end":{"line":95,"column":30}},"43":{"start":{"line":94,"column":23},"end":{"line":94,"column":38}},"44":{"start":{"line":95,"column":23},"end":{"line":95,"column":28}},"45":{"start":{"line":98,"column":2},"end":{"line":126,"column":3}},"46":{"start":{"line":99,"column":10},"end":{"line":99,"column":79}},"47":{"start":{"line":99,"column":12},"end":{"line":99,"column":16}},"48":{"start":{"line":99,"column":18},"end":{"line":99,"column":33}},"49":{"start":{"line":99,"column":35},"end":{"line":99,"column":45}},"50":{"start":{"line":99,"column":47},"end":{"line":99,"column":55}},"51":{"start":{"line":99,"column":57},"end":{"line":99,"column":79}},"52":{"start":{"line":100,"column":10},"end":{"line":100,"column":41}},"53":{"start":{"line":100,"column":12},"end":{"line":100,"column":16}},"54":{"start":{"line":100,"column":18},"end":{"line":100,"column":24}},"55":{"start":{"line":102,"column":4},"end":{"line":125,"column":6}},"56":{"start":{"line":22,"column":9},"end":{"line":22,"column":35}},"57":{"start":{"line":127,"column":0},"end":{"line":127,"column":1}},"58":{"start":{"line":129,"column":0},"end":{"line":129,"column":20}}},"fnMap":{"0":{"name":"(anonymous_7)","decl":{"start":{"line":20,"column":0},"end":{"line":null,"column":-1}},"loc":{"start":{"line":20,"column":0},"end":{"line":20,"column":-1}}},"1":{"name":"Field","decl":{"start":{"line":24,"column":2},"end":{"line":24,"column":13}},"loc":{"start":{"line":24,"column":31},"end":{"line":30,"column":3}}},"2":{"name":"(anonymous_9)","decl":{"start":{"line":32,"column":2},"end":{"line":null,"column":-1}},"loc":{"start":{"line":32,"column":2},"end":{"line":40,"column":3}}},"3":{"name":"(anonymous_10)","decl":{"start":{"line":42,"column":2},"end":{"line":42,"column":10}},"loc":{"start":{"line":42,"column":21},"end":{"line":46,"column":3}}},"4":{"name":"(anonymous_11)","decl":{"start":{"line":48,"column":2},"end":{"line":48,"column":20}},"loc":{"start":{"line":48,"column":38},"end":{"line":53,"column":3}}},"5":{"name":"(anonymous_12)","decl":{"start":{"line":55,"column":2},"end":{"line":55,"column":18}},"loc":{"start":{"line":55,"column":37},"end":{"line":66,"column":3}}},"6":{"name":"(anonymous_13)","decl":{"start":{"line":68,"column":2},"end":{"line":68,"column":13}},"loc":{"start":{"line":68,"column":24},"end":{"line":89,"column":3}}},"7":{"name":"(anonymous_14)","decl":{"start":{"line":91,"column":2},"end":{"line":91,"column":12}},"loc":{"start":{"line":91,"column":23},"end":{"line":96,"column":3}}},"8":{"name":"(anonymous_15)","decl":{"start":{"line":94,"column":11},"end":{"line":94,"column":10}},"loc":{"start":{"line":94,"column":19},"end":{"line":94,"column":38}}},"9":{"name":"(anonymous_16)","decl":{"start":{"line":95,"column":14},"end":{"line":95,"column":13}},"loc":{"start":{"line":95,"column":19},"end":{"line":95,"column":28}}},"10":{"name":"(anonymous_17)","decl":{"start":{"line":98,"column":2},"end":{"line":null,"column":-1}},"loc":{"start":{"line":98,"column":2},"end":{"line":126,"column":3}}}},"branchMap":{"0":{"loc":{"start":{"line":25,"column":4},"end":{"line":25,"column":16}},"type":"binary-expr","locations":[{"start":{"line":25,"column":4},"end":{"line":25,"column":16}},{"start":{"line":25,"column":16},"end":{"line":30,"column":2}}]},"1":{"loc":{"start":{"line":82,"column":4},"end":{"line":86,"column":5}},"type":"if","locations":[{"start":{"line":82,"column":4},"end":{"line":86,"column":5}},{"start":{"line":82,"column":4},"end":{"line":86,"column":5}}]},"2":{"loc":{"start":{"line":92,"column":21},"end":{"line":92,"column":42}},"type":"binary-expr","locations":[{"start":{"line":92,"column":21},"end":{"line":92,"column":42}},{"start":{"line":92,"column":46},"end":{"line":92,"column":48}}]},"3":{"loc":{"start":{"line":106,"column":10},"end":{"line":116,"column":12}},"type":"cond-expr","locations":[{"start":{"line":106,"column":10},"end":{"line":116,"column":12}},{"start":{"line":118,"column":10},"end":{"line":123,"column":12}}]},"4":{"loc":{"start":{"line":108,"column":18},"end":{"line":108,"column":30}},"type":"binary-expr","locations":[{"start":{"line":108,"column":18},"end":{"line":108,"column":30}},{"start":{"line":108,"column":34},"end":{"line":108,"column":36}}]},"5":{"loc":{"start":{"line":112,"column":21},"end":{"line":112,"column":31}},"type":"binary-expr","locations":[{"start":{"line":112,"column":21},"end":{"line":112,"column":31}},{"start":{"line":112,"column":35},"end":{"line":112,"column":37}}]},"6":{"loc":{"start":{"line":121,"column":19},"end":{"line":121,"column":29}},"type":"binary-expr","locations":[{"start":{"line":121,"column":19},"end":{"line":121,"column":29}},{"start":{"line":121,"column":33},"end":{"line":121,"column":35}}]}},"s":{"0":1,"1":1,"2":1,"3":1,"4":1,"5":8,"6":8,"7":8,"8":8,"9":1,"10":8,"11":8,"12":8,"13":8,"14":8,"15":1,"16":0,"17":0,"18":1,"19":0,"20":0,"21":0,"22":1,"23":0,"24":0,"25":0,"26":0,"27":0,"28":1,"29":0,"30":0,"31":0,"32":0,"33":0,"34":0,"35":0,"36":0,"37":0,"38":0,"39":0,"40":1,"41":8,"42":8,"43":1,"44":1,"45":1,"46":8,"47":8,"48":8,"49":8,"50":8,"51":8,"52":8,"53":8,"54":8,"55":8,"56":1,"57":1,"58":1},"f":{"0":1,"1":8,"2":8,"3":0,"4":0,"5":0,"6":0,"7":8,"8":1,"9":1,"10":8},"b":{"0":[8,8],"1":[0,0],"2":[8,7],"3":[0,8],"4":[0,0],"5":[0,0],"6":[8,8]}}
,"C:\\Users\\Gabriel Carvalho\\Projetos\\formaction\\src\\Components\\Form\\hooks.ts": {"path":"C:\\Users\\Gabriel Carvalho\\Projetos\\formaction\\src\\Components\\Form\\hooks.ts","statementMap":{"0":{"start":{"line":1,"column":0},"end":{"line":1,"column":54}},"1":{"start":{"line":12,"column":18},"end":{"line":31,"column":1}},"2":{"start":{"line":13,"column":10},"end":{"line":13,"column":23}},"3":{"start":{"line":13,"column":25},"end":{"line":13,"column":33}},"4":{"start":{"line":13,"column":35},"end":{"line":13,"column":41}},"5":{"start":{"line":13,"column":43},"end":{"line":13,"column":50}},"6":{"start":{"line":14,"column":8},"end":{"line":14,"column":55}},"7":{"start":{"line":14,"column":9},"end":{"line":14,"column":13}},"8":{"start":{"line":14,"column":15},"end":{"line":14,"column":22}},"9":{"start":{"line":15,"column":8},"end":{"line":15,"column":42}},"10":{"start":{"line":15,"column":9},"end":{"line":15,"column":15}},"11":{"start":{"line":15,"column":17},"end":{"line":15,"column":26}},"12":{"start":{"line":17,"column":21},"end":{"line":19,"column":3}},"13":{"start":{"line":18,"column":4},"end":{"line":18,"column":56}},"14":{"start":{"line":21,"column":2},"end":{"line":30,"column":3}},"15":{"start":{"line":33,"column":0},"end":{"line":33,"column":25}}},"fnMap":{"0":{"name":"(anonymous_2)","decl":{"start":{"line":12,"column":18},"end":{"line":12,"column":18}},"loc":{"start":{"line":12,"column":35},"end":{"line":31,"column":1}}},"1":{"name":"(anonymous_3)","decl":{"start":{"line":17,"column":21},"end":{"line":17,"column":21}},"loc":{"start":{"line":17,"column":31},"end":{"line":19,"column":3}}}},"branchMap":{"0":{"loc":{"start":{"line":14,"column":8},"end":{"line":14,"column":54}},"type":"binary-expr","locations":[{"start":{"line":14,"column":8},"end":{"line":14,"column":54}},{"start":{"line":14,"column":8},"end":{"line":14,"column":54}}]},"1":{"loc":{"start":{"line":18,"column":13},"end":{"line":18,"column":39}},"type":"cond-expr","locations":[{"start":{"line":18,"column":13},"end":{"line":18,"column":39}},{"start":{"line":18,"column":42},"end":{"line":18,"column":55}}]},"2":{"loc":{"start":{"line":18,"column":13},"end":{"line":18,"column":21}},"type":"binary-expr","locations":[{"start":{"line":18,"column":13},"end":{"line":18,"column":21}},{"start":{"line":18,"column":25},"end":{"line":18,"column":39}}]}},"s":{"0":1,"1":1,"2":16,"3":16,"4":16,"5":16,"6":16,"7":16,"8":16,"9":16,"10":16,"11":16,"12":16,"13":2,"14":16,"15":1},"f":{"0":16,"1":2},"b":{"0":[16,15],"1":[1,1],"2":[1,1]}}
,"C:\\Users\\Gabriel Carvalho\\Projetos\\formaction\\src\\Components\\Form\\index.tsx": {"path":"C:\\Users\\Gabriel Carvalho\\Projetos\\formaction\\src\\Components\\Form\\index.tsx","statementMap":{"0":{"start":{"line":4,"column":0},"end":{"line":4,"column":29}},"1":{"start":{"line":5,"column":0},"end":{"line":5,"column":46}},"2":{"start":{"line":6,"column":0},"end":{"line":6,"column":50}},"3":{"start":{"line":9,"column":34},"end":{"line":70,"column":1}},"4":{"start":{"line":10,"column":8},"end":{"line":21,"column":22}},"5":{"start":{"line":11,"column":4},"end":{"line":11,"column":8}},"6":{"start":{"line":12,"column":4},"end":{"line":12,"column":14}},"7":{"start":{"line":13,"column":4},"end":{"line":13,"column":13}},"8":{"start":{"line":14,"column":4},"end":{"line":14,"column":10}},"9":{"start":{"line":15,"column":4},"end":{"line":15,"column":13}},"10":{"start":{"line":16,"column":4},"end":{"line":16,"column":12}},"11":{"start":{"line":17,"column":4},"end":{"line":17,"column":12}},"12":{"start":{"line":18,"column":4},"end":{"line":18,"column":12}},"13":{"start":{"line":19,"column":4},"end":{"line":19,"column":10}},"14":{"start":{"line":20,"column":4},"end":{"line":21,"column":22}},"15":{"start":{"line":24,"column":2},"end":{"line":26,"column":13}},"16":{"start":{"line":25,"column":4},"end":{"line":25,"column":42}},"17":{"start":{"line":28,"column":2},"end":{"line":30,"column":15}},"18":{"start":{"line":29,"column":4},"end":{"line":29,"column":22}},"19":{"start":{"line":32,"column":23},"end":{"line":51,"column":3}},"20":{"start":{"line":33,"column":4},"end":{"line":33,"column":27}},"21":{"start":{"line":34,"column":23},"end":{"line":34,"column":57}},"22":{"start":{"line":36,"column":20},"end":{"line":43,"column":7}},"23":{"start":{"line":40,"column":10},"end":{"line":40,"column":41}},"24":{"start":{"line":41,"column":10},"end":{"line":41,"column":47}},"25":{"start":{"line":45,"column":4},"end":{"line":48,"column":5}},"26":{"start":{"line":46,"column":6},"end":{"line":46,"column":28}},"27":{"start":{"line":47,"column":6},"end":{"line":47,"column":13}},"28":{"start":{"line":50,"column":4},"end":{"line":50,"column":19}},"29":{"start":{"line":53,"column":2},"end":{"line":69,"column":4}},"30":{"start":{"line":72,"column":0},"end":{"line":72,"column":20}}},"fnMap":{"0":{"name":"(anonymous_2)","decl":{"start":{"line":9,"column":34},"end":{"line":9,"column":34}},"loc":{"start":{"line":9,"column":51},"end":{"line":70,"column":1}}},"1":{"name":"(anonymous_3)","decl":{"start":{"line":24,"column":12},"end":{"line":null,"column":-1}},"loc":{"start":{"line":24,"column":12},"end":{"line":26,"column":3}}},"2":{"name":"(anonymous_4)","decl":{"start":{"line":28,"column":12},"end":{"line":null,"column":-1}},"loc":{"start":{"line":28,"column":12},"end":{"line":30,"column":3}}},"3":{"name":"(anonymous_5)","decl":{"start":{"line":32,"column":23},"end":{"line":32,"column":23}},"loc":{"start":{"line":32,"column":63},"end":{"line":51,"column":3}}},"4":{"name":"(anonymous_6)","decl":{"start":{"line":39,"column":8},"end":{"line":39,"column":7}},"loc":{"start":{"line":39,"column":11},"end":{"line":42,"column":9}}}},"branchMap":{"0":{"loc":{"start":{"line":25,"column":4},"end":{"line":25,"column":11}},"type":"binary-expr","locations":[{"start":{"line":25,"column":4},"end":{"line":25,"column":11}},{"start":{"line":25,"column":15},"end":{"line":25,"column":23}},{"start":{"line":25,"column":27},"end":{"line":25,"column":41}}]},"1":{"loc":{"start":{"line":45,"column":4},"end":{"line":48,"column":5}},"type":"if","locations":[{"start":{"line":45,"column":4},"end":{"line":48,"column":5}},{"start":{"line":45,"column":4},"end":{"line":48,"column":5}}]},"2":{"loc":{"start":{"line":59,"column":14},"end":{"line":59,"column":20}},"type":"binary-expr","locations":[{"start":{"line":59,"column":14},"end":{"line":59,"column":20}},{"start":{"line":59,"column":24},"end":{"line":59,"column":28}}]}},"s":{"0":1,"1":1,"2":1,"3":1,"4":9,"5":9,"6":9,"7":9,"8":9,"9":9,"10":9,"11":9,"12":9,"13":9,"14":9,"15":9,"16":8,"17":9,"18":8,"19":9,"20":2,"21":2,"22":2,"23":2,"24":2,"25":2,"26":1,"27":1,"28":1,"29":9,"30":1},"f":{"0":9,"1":8,"2":8,"3":2,"4":2},"b":{"0":[8,8,8],"1":[1,1],"2":[9,9]}}
,"C:\\Users\\Gabriel Carvalho\\Projetos\\formaction\\src\\shared\\context.ts": {"path":"C:\\Users\\Gabriel Carvalho\\Projetos\\formaction\\src\\shared\\context.ts","statementMap":{"0":{"start":{"line":1,"column":0},"end":{"line":1,"column":30}},"1":{"start":{"line":3,"column":24},"end":{"line":3,"column":26}},"2":{"start":{"line":4,"column":23},"end":{"line":4,"column":25}},"3":{"start":{"line":6,"column":13},"end":{"line":11,"column":3}}},"fnMap":{},"branchMap":{},"s":{"0":1,"1":1,"2":1,"3":1},"f":{},"b":{}}
,"C:\\Users\\Gabriel Carvalho\\Projetos\\formaction\\src\\shared\\utils\\testHooks.tsx": {"path":"C:\\Users\\Gabriel Carvalho\\Projetos\\formaction\\src\\shared\\utils\\testHooks.tsx","statementMap":{"0":{"start":{"line":1,"column":0},"end":{"line":1,"column":30}},"1":{"start":{"line":2,"column":0},"end":{"line":2,"column":47}},"2":{"start":{"line":6,"column":32},"end":{"line":8,"column":3}},"3":{"start":{"line":7,"column":4},"end":{"line":7,"column":35}},"4":{"start":{"line":10,"column":18},"end":{"line":12,"column":13}},"5":{"start":{"line":14,"column":2},"end":{"line":14,"column":34}},"6":{"start":{"line":5,"column":0},"end":{"line":15,"column":1}}},"fnMap":{"0":{"name":"testHook","decl":{"start":{"line":5,"column":0},"end":{"line":5,"column":32}},"loc":{"start":{"line":5,"column":45},"end":{"line":15,"column":1}}},"1":{"name":"(anonymous_2)","decl":{"start":{"line":6,"column":32},"end":{"line":null,"column":-1}},"loc":{"start":{"line":6,"column":32},"end":{"line":8,"column":3}}}},"branchMap":{"0":{"loc":{"start":{"line":14,"column":9},"end":{"line":14,"column":16}},"type":"binary-expr","locations":[{"start":{"line":14,"column":9},"end":{"line":14,"column":16}},{"start":{"line":14,"column":20},"end":{"line":14,"column":33}}]}},"s":{"0":1,"1":1,"2":6,"3":7,"4":6,"5":6,"6":1},"f":{"0":6,"1":7},"b":{"0":[6,6]}}
,"C:\\Users\\Gabriel Carvalho\\Projetos\\formaction\\src\\shared\\utils\\validators.ts": {"path":"C:\\Users\\Gabriel Carvalho\\Projetos\\formaction\\src\\shared\\utils\\validators.ts","statementMap":{"0":{"start":{"line":1,"column":13},"end":{"line":3,"column":53}},"1":{"start":{"line":2,"column":2},"end":{"line":3,"column":52}},"2":{"start":{"line":5,"column":13},"end":{"line":9,"column":2}},"3":{"start":{"line":5,"column":40},"end":{"line":9,"column":1}},"4":{"start":{"line":11,"column":13},"end":{"line":15,"column":2}},"5":{"start":{"line":11,"column":43},"end":{"line":15,"column":1}}},"fnMap":{"0":{"name":"(anonymous_0)","decl":{"start":{"line":1,"column":23},"end":{"line":1,"column":23}},"loc":{"start":{"line":1,"column":37},"end":{"line":3,"column":52}}},"1":{"name":"(anonymous_1)","decl":{"start":{"line":5,"column":24},"end":{"line":5,"column":24}},"loc":{"start":{"line":5,"column":35},"end":{"line":9,"column":1}}},"2":{"name":"(anonymous_2)","decl":{"start":{"line":11,"column":26},"end":{"line":11,"column":26}},"loc":{"start":{"line":11,"column":38},"end":{"line":15,"column":1}}}},"branchMap":{"0":{"loc":{"start":{"line":3,"column":4},"end":{"line":3,"column":40}},"type":"cond-expr","locations":[{"start":{"line":3,"column":4},"end":{"line":3,"column":40}},{"start":{"line":3,"column":43},"end":{"line":3,"column":52}}]},"1":{"loc":{"start":{"line":2,"column":2},"end":{"line":2,"column":8}},"type":"binary-expr","locations":[{"start":{"line":2,"column":2},"end":{"line":2,"column":8}},{"start":{"line":2,"column":12},"end":{"line":2,"column":68}}]},"2":{"loc":{"start":{"line":7,"column":6},"end":{"line":7,"column":15}},"type":"cond-expr","locations":[{"start":{"line":7,"column":6},"end":{"line":7,"column":15}},{"start":{"line":8,"column":6},"end":{"line":8,"column":42}}]},"3":{"loc":{"start":{"line":6,"column":2},"end":{"line":6,"column":8}},"type":"binary-expr","locations":[{"start":{"line":6,"column":2},"end":{"line":6,"column":8}},{"start":{"line":6,"column":12},"end":{"line":6,"column":26}}]},"4":{"loc":{"start":{"line":13,"column":6},"end":{"line":13,"column":15}},"type":"cond-expr","locations":[{"start":{"line":13,"column":6},"end":{"line":13,"column":15}},{"start":{"line":14,"column":6},"end":{"line":14,"column":32}}]},"5":{"loc":{"start":{"line":12,"column":2},"end":{"line":12,"column":7}},"type":"binary-expr","locations":[{"start":{"line":12,"column":2},"end":{"line":12,"column":7}},{"start":{"line":12,"column":11},"end":{"line":12,"column":36}}]}},"s":{"0":2,"1":3,"2":2,"3":2,"4":2,"5":2},"f":{"0":3,"1":2,"2":2},"b":{"0":[2,1],"1":[3,2],"2":[1,1],"3":[2,2],"4":[1,1],"5":[2,1]}}
}
