TN:
SF:C:\Users\Gabriel Carvalho\Projetos\formaction\src\index.tsx
FNF:0
FNH:0
DA:1,1
DA:2,1
DA:3,1
DA:8,1
DA:9,1
DA:10,1
DA:11,1
DA:12,1
LF:8
LH:8
BRF:0
BRH:0
end_of_record
TN:
SF:C:\Users\Gabriel Carvalho\Projetos\formaction\src\Components\Field\FieldWrapper.tsx
FN:18,(anonymous_1)
FNF:1
FNH:1
FNDA:4,(anonymous_1)
DA:1,3
DA:18,4
DA:22,3
LF:3
LH:3
BRF:0
BRH:0
end_of_record
TN:
SF:C:\Users\Gabriel Carvalho\Projetos\formaction\src\Components\Field\index.tsx
FN:20,(anonymous_7)
FN:24,Field
FN:32,(anonymous_9)
FN:42,(anonymous_10)
FN:48,(anonymous_11)
FN:55,(anonymous_12)
FN:68,(anonymous_13)
FN:91,(anonymous_14)
FN:94,(anonymous_15)
FN:95,(anonymous_16)
FN:98,(anonymous_17)
FNF:11
FNH:11
FNDA:3,(anonymous_7)
FNDA:12,Field
FNDA:12,(anonymous_9)
FNDA:1,(anonymous_10)
FNDA:1,(anonymous_11)
FNDA:1,(anonymous_12)
FNDA:2,(anonymous_13)
FNDA:14,(anonymous_14)
FNDA:1,(anonymous_15)
FNDA:1,(anonymous_16)
FNDA:12,(anonymous_17)
DA:1,3
DA:2,3
DA:3,3
DA:20,3
DA:22,3
DA:25,12
DA:27,12
DA:28,12
DA:29,12
DA:32,3
DA:33,12
DA:34,12
DA:36,12
DA:42,3
DA:43,1
DA:45,1
DA:48,3
DA:49,1
DA:50,1
DA:52,1
DA:55,3
DA:56,1
DA:57,1
DA:59,1
DA:68,3
DA:69,2
DA:70,2
DA:72,2
DA:74,2
DA:82,2
DA:83,1
DA:85,1
DA:88,2
DA:91,3
DA:92,14
DA:93,14
DA:94,1
DA:95,1
DA:98,3
DA:99,12
DA:100,12
DA:102,12
DA:127,3
DA:129,3
LF:44
LH:44
BRDA:25,0,0,12
BRDA:25,0,1,12
BRDA:82,1,0,1
BRDA:82,1,1,1
BRDA:92,2,0,14
BRDA:92,2,1,13
BRDA:106,3,0,4
BRDA:106,3,1,8
BRDA:108,4,0,4
BRDA:108,4,1,4
BRDA:112,5,0,4
BRDA:112,5,1,4
BRDA:121,6,0,8
BRDA:121,6,1,8
BRF:14
BRH:14
end_of_record
TN:
SF:C:\Users\Gabriel Carvalho\Projetos\formaction\src\Components\Form\hooks.ts
FN:12,(anonymous_2)
FN:17,(anonymous_3)
FNF:2
FNH:2
FNDA:16,(anonymous_2)
FNDA:2,(anonymous_3)
DA:1,2
DA:12,2
DA:13,16
DA:14,16
DA:15,16
DA:17,16
DA:18,2
DA:21,16
DA:33,2
LF:9
LH:9
BRDA:14,0,0,16
BRDA:14,0,1,15
BRDA:18,1,0,1
BRDA:18,1,1,1
BRDA:18,2,0,1
BRDA:18,2,1,1
BRF:6
BRH:6
end_of_record
TN:
SF:C:\Users\Gabriel Carvalho\Projetos\formaction\src\Components\Form\index.tsx
FN:9,(anonymous_2)
FN:24,(anonymous_3)
FN:28,(anonymous_4)
FN:32,(anonymous_5)
FN:39,(anonymous_6)
FNF:5
FNH:5
FNDA:9,(anonymous_2)
FNDA:8,(anonymous_3)
FNDA:8,(anonymous_4)
FNDA:2,(anonymous_5)
FNDA:2,(anonymous_6)
DA:4,2
DA:5,2
DA:6,2
DA:9,2
DA:10,9
DA:11,9
DA:12,9
DA:13,9
DA:14,9
DA:15,9
DA:16,9
DA:17,9
DA:18,9
DA:19,9
DA:20,9
DA:24,9
DA:25,8
DA:28,9
DA:29,8
DA:32,9
DA:33,2
DA:34,2
DA:36,2
DA:40,2
DA:41,2
DA:45,2
DA:46,1
DA:47,1
DA:50,1
DA:53,9
DA:72,2
LF:31
LH:31
BRDA:25,0,0,8
BRDA:25,0,1,8
BRDA:25,0,2,8
BRDA:45,1,0,1
BRDA:45,1,1,1
BRDA:59,2,0,9
BRDA:59,2,1,9
BRF:7
BRH:7
end_of_record
TN:
SF:C:\Users\Gabriel Carvalho\Projetos\formaction\src\shared\context.ts
FNF:0
FNH:0
DA:1,3
DA:3,3
DA:4,3
DA:6,3
LF:4
LH:4
BRF:0
BRH:0
end_of_record
TN:
SF:C:\Users\Gabriel Carvalho\Projetos\formaction\src\shared\utils\testHooks.tsx
FN:5,testHook
FN:6,(anonymous_2)
FNF:2
FNH:2
FNDA:6,testHook
FNDA:7,(anonymous_2)
DA:1,1
DA:2,1
DA:5,1
DA:6,6
DA:7,7
DA:10,6
DA:14,6
LF:7
LH:7
BRDA:14,0,0,6
BRDA:14,0,1,6
BRF:2
BRH:2
end_of_record
TN:
SF:C:\Users\Gabriel Carvalho\Projetos\formaction\src\shared\utils\validators.ts
FN:1,(anonymous_0)
FN:5,(anonymous_1)
FN:11,(anonymous_2)
FNF:3
FNH:3
FNDA:3,(anonymous_0)
FNDA:2,(anonymous_1)
FNDA:2,(anonymous_2)
DA:1,3
DA:2,3
DA:5,3
DA:11,3
LF:4
LH:4
BRDA:3,0,0,2
BRDA:3,0,1,1
BRDA:2,1,0,3
BRDA:2,1,1,2
BRDA:7,2,0,1
BRDA:7,2,1,1
BRDA:6,3,0,2
BRDA:6,3,1,2
BRDA:13,4,0,1
BRDA:13,4,1,1
BRDA:12,5,0,2
BRDA:12,5,1,1
BRF:12
BRH:12
end_of_record
